<?xml version="1.0" encoding="UTF-8"?>
<!-- Generated by org.testng.reporters.JUnitReportReporter -->
<testsuite hostname="DESKTOP-UVIULNA" failures="0" tests="5" name="com.test.Test_ninjatutorial" time="37.197" errors="0" timestamp="2026-04-25T21:23:22 IST" skipped="0">
  <testcase classname="com.test.Test_ninjatutorial" name="invalidsearch" time="4.089"/>
  <testcase classname="com.test.Test_ninjatutorial" name="invalidpassword" time="9.691"/>
  <testcase classname="com.test.Test_ninjatutorial" name="f" time="9.253"/>
  <testcase classname="com.test.Test_ninjatutorial" name="search" time="6.927"/>
  <testcase classname="com.test.Test_ninjatutorial" name="invalidusername" time="7.237"/>
</testsuite> <!-- com.test.Test_ninjatutorial -->
