<?xml version="1.0" encoding="UTF-8"?>
<testng-results ignored="0" total="2" passed="2" failed="0" skipped="0">
  <reporter-output>
  </reporter-output>
  <suite started-at="2026-04-16T21:07:25 IST" name="Default suite" finished-at="2026-04-16T21:07:25 IST" duration-ms="90">
    <groups>
    </groups>
    <test started-at="2026-04-16T21:07:25 IST" name="Default test" finished-at="2026-04-16T21:07:25 IST" duration-ms="90">
      <class name="TestNG_works.TestNG_annotations">
        <test-method is-config="true" signature="Beforesuite()[pri:0, instance:TestNG_works.TestNG_annotations@1165b38]" started-at="2026-04-16T21:07:25 IST" name="Beforesuite" finished-at="2026-04-16T21:07:25 IST" duration-ms="15" status="PASS">
          <reporter-output>
          </reporter-output>
        </test-method> <!-- Beforesuite -->
        <test-method is-config="true" signature="Beforetest()[pri:0, instance:TestNG_works.TestNG_annotations@1165b38]" started-at="2026-04-16T21:07:25 IST" name="Beforetest" finished-at="2026-04-16T21:07:25 IST" duration-ms="1" status="PASS">
          <reporter-output>
          </reporter-output>
        </test-method> <!-- Beforetest -->
        <test-method is-config="true" signature="Beforeclass()[pri:0, instance:TestNG_works.TestNG_annotations@1165b38]" started-at="2026-04-16T21:07:25 IST" name="Beforeclass" finished-at="2026-04-16T21:07:25 IST" duration-ms="1" status="PASS">
          <reporter-output>
          </reporter-output>
        </test-method> <!-- Beforeclass -->
        <test-method is-config="true" signature="Beforemethod()[pri:0, instance:TestNG_works.TestNG_annotations@1165b38]" started-at="2026-04-16T21:07:25 IST" name="Beforemethod" finished-at="2026-04-16T21:07:25 IST" duration-ms="1" status="PASS">
          <reporter-output>
          </reporter-output>
        </test-method> <!-- Beforemethod -->
        <test-method signature="login()[pri:0, instance:TestNG_works.TestNG_annotations@1165b38]" started-at="2026-04-16T21:07:25 IST" name="login" finished-at="2026-04-16T21:07:25 IST" duration-ms="11" status="PASS">
          <reporter-output>
          </reporter-output>
        </test-method> <!-- login -->
        <test-method is-config="true" signature="Aftermethod()[pri:0, instance:TestNG_works.TestNG_annotations@1165b38]" started-at="2026-04-16T21:07:25 IST" name="Aftermethod" finished-at="2026-04-16T21:07:25 IST" duration-ms="1" status="PASS">
          <reporter-output>
          </reporter-output>
        </test-method> <!-- Aftermethod -->
        <test-method is-config="true" signature="Beforemethod()[pri:0, instance:TestNG_works.TestNG_annotations@1165b38]" started-at="2026-04-16T21:07:25 IST" name="Beforemethod" finished-at="2026-04-16T21:07:25 IST" duration-ms="0" status="PASS">
          <reporter-output>
          </reporter-output>
        </test-method> <!-- Beforemethod -->
        <test-method signature="logout()[pri:0, instance:TestNG_works.TestNG_annotations@1165b38]" started-at="2026-04-16T21:07:25 IST" name="logout" finished-at="2026-04-16T21:07:25 IST" duration-ms="4" status="PASS">
          <reporter-output>
          </reporter-output>
        </test-method> <!-- logout -->
        <test-method is-config="true" signature="Aftermethod()[pri:0, instance:TestNG_works.TestNG_annotations@1165b38]" started-at="2026-04-16T21:07:25 IST" name="Aftermethod" finished-at="2026-04-16T21:07:25 IST" duration-ms="1" status="PASS">
          <reporter-output>
          </reporter-output>
        </test-method> <!-- Aftermethod -->
        <test-method is-config="true" signature="afterClass()[pri:0, instance:TestNG_works.TestNG_annotations@1165b38]" started-at="2026-04-16T21:07:25 IST" name="afterClass" finished-at="2026-04-16T21:07:25 IST" duration-ms="1" status="PASS">
          <reporter-output>
          </reporter-output>
        </test-method> <!-- afterClass -->
        <test-method is-config="true" signature="AfterTest()[pri:0, instance:TestNG_works.TestNG_annotations@1165b38]" started-at="2026-04-16T21:07:25 IST" name="AfterTest" finished-at="2026-04-16T21:07:25 IST" duration-ms="1" status="PASS">
          <reporter-output>
          </reporter-output>
        </test-method> <!-- AfterTest -->
        <test-method is-config="true" signature="Aftersuite()[pri:0, instance:TestNG_works.TestNG_annotations@1165b38]" started-at="2026-04-16T21:07:25 IST" name="Aftersuite" finished-at="2026-04-16T21:07:25 IST" duration-ms="1" status="PASS">
          <reporter-output>
          </reporter-output>
        </test-method> <!-- Aftersuite -->
      </class> <!-- TestNG_works.TestNG_annotations -->
    </test> <!-- Default test -->
  </suite> <!-- Default suite -->
</testng-results>
