<?xml version="1.0" encoding="UTF-8"?>
<!-- Generated by org.testng.reporters.JUnitReportReporter -->
<testsuite hostname="DESKTOP-UVIULNA" failures="0" tests="3" name="TestNG_works.Test_executionorder" time="0.017" errors="0" timestamp="2026-04-16T14:49:51 IST" skipped="0">
  <testcase classname="TestNG_works.Test_executionorder" name="C" time="0.002"/>
  <testcase classname="TestNG_works.Test_executionorder" name="A" time="0.013"/>
  <testcase classname="TestNG_works.Test_executionorder" name="B" time="0.002"/>
</testsuite> <!-- TestNG_works.Test_executionorder -->
