<?xml version="1.0" encoding="UTF-8"?>
<!-- Generated by org.testng.reporters.JUnitXMLReporter -->
<testsuite ignored="0" hostname="DESKTOP-UVIULNA" failures="0" tests="3" name="Default test" time="50.953" errors="0" timestamp="2026-04-23T20:40:41 IST">
  <testcase classname="com.test.NewTest" name="Invalid" time="2.761"/>
  <testcase classname="com.test.NewTest" name="Invalid1" time="2.182"/>
  <testcase classname="com.test.NewTest" name="valid" time="12.269"/>
</testsuite> <!-- Default test -->
