<?xml version="1.0" encoding="UTF-8"?>
<!-- Generated by org.testng.reporters.JUnitReportReporter -->
<testsuite hostname="DESKTOP-UVIULNA" failures="0" tests="3" name="com.test.NewTest" time="49.136" errors="0" timestamp="2026-04-23T20:40:41 IST" skipped="0">
  <testcase classname="com.test.NewTest" name="valid" time="32.802"/>
  <testcase classname="com.test.NewTest" name="Invalid1" time="7.371"/>
  <testcase classname="com.test.NewTest" name="Invalid" time="8.963"/>
</testsuite> <!-- com.test.NewTest -->
