<?xml version="1.0" encoding="UTF-8"?>
<testng-results ignored="0" total="3" passed="3" failed="0" skipped="0">
  <reporter-output>
  </reporter-output>
  <suite started-at="2026-04-23T20:39:50 IST" name="Default suite" finished-at="2026-04-23T20:40:41 IST" duration-ms="50953">
    <groups>
    </groups>
    <test started-at="2026-04-23T20:39:50 IST" name="Default test" finished-at="2026-04-23T20:40:41 IST" duration-ms="50953">
      <class name="com.test.NewTest">
        <test-method is-config="true" signature="setup()[pri:0, instance:com.test.NewTest@443118b0]" started-at="2026-04-23T20:39:51 IST" name="setup" finished-at="2026-04-23T20:40:12 IST" duration-ms="20146" status="PASS">
          <reporter-output>
          </reporter-output>
        </test-method> <!-- setup -->
        <test-method signature="Invalid(java.lang.String,java.lang.String)[pri:0, instance:com.test.NewTest@443118b0]" started-at="2026-04-23T20:40:12 IST" name="Invalid" data-provider="Invalidpwd" finished-at="2026-04-23T20:40:14 IST" duration-ms="2761" status="PASS">
          <params>
            <param index="0">
              <value>
                <![CDATA[Admin@5]]>
              </value>
            </param>
            <param index="1">
              <value>
                <![CDATA[123456]]>
              </value>
            </param>
          </params>
          <reporter-output>
          </reporter-output>
        </test-method> <!-- Invalid -->
        <test-method is-config="true" signature="tearDown()[pri:0, instance:com.test.NewTest@443118b0]" started-at="2026-04-23T20:40:14 IST" name="tearDown" finished-at="2026-04-23T20:40:15 IST" duration-ms="403" status="PASS">
          <reporter-output>
          </reporter-output>
        </test-method> <!-- tearDown -->
        <test-method is-config="true" signature="setup()[pri:0, instance:com.test.NewTest@443118b0]" started-at="2026-04-23T20:40:15 IST" name="setup" finished-at="2026-04-23T20:40:20 IST" duration-ms="4786" status="PASS">
          <reporter-output>
          </reporter-output>
        </test-method> <!-- setup -->
        <test-method signature="Invalid1(java.lang.String,java.lang.String)[pri:0, instance:com.test.NewTest@443118b0]" started-at="2026-04-23T20:40:20 IST" name="Invalid1" data-provider="Invalid" finished-at="2026-04-23T20:40:22 IST" duration-ms="2182" status="PASS">
          <params>
            <param index="0">
              <value>
                <![CDATA[Admi12]]>
              </value>
            </param>
            <param index="1">
              <value>
                <![CDATA[12345]]>
              </value>
            </param>
          </params>
          <reporter-output>
          </reporter-output>
        </test-method> <!-- Invalid1 -->
        <test-method is-config="true" signature="tearDown()[pri:0, instance:com.test.NewTest@443118b0]" started-at="2026-04-23T20:40:22 IST" name="tearDown" finished-at="2026-04-23T20:40:22 IST" duration-ms="379" status="PASS">
          <reporter-output>
          </reporter-output>
        </test-method> <!-- tearDown -->
        <test-method is-config="true" signature="setup()[pri:0, instance:com.test.NewTest@443118b0]" started-at="2026-04-23T20:40:22 IST" name="setup" finished-at="2026-04-23T20:40:28 IST" duration-ms="5823" status="PASS">
          <reporter-output>
          </reporter-output>
        </test-method> <!-- setup -->
        <test-method signature="valid(java.lang.String,java.lang.String)[pri:0, instance:com.test.NewTest@443118b0]" started-at="2026-04-23T20:40:28 IST" name="valid" data-provider="Valid" finished-at="2026-04-23T20:40:40 IST" duration-ms="12269" status="PASS">
          <params>
            <param index="0">
              <value>
                <![CDATA[Admin@5]]>
              </value>
            </param>
            <param index="1">
              <value>
                <![CDATA[12345]]>
              </value>
            </param>
          </params>
          <reporter-output>
          </reporter-output>
        </test-method> <!-- valid -->
        <test-method is-config="true" signature="tearDown()[pri:0, instance:com.test.NewTest@443118b0]" started-at="2026-04-23T20:40:40 IST" name="tearDown" finished-at="2026-04-23T20:40:41 IST" duration-ms="387" status="PASS">
          <reporter-output>
          </reporter-output>
        </test-method> <!-- tearDown -->
      </class> <!-- com.test.NewTest -->
    </test> <!-- Default test -->
  </suite> <!-- Default suite -->
</testng-results>
