<?xml version="1.0" encoding="UTF-8"?>
<!-- Generated by org.testng.reporters.JUnitXMLReporter -->
<testsuite ignored="0" hostname="DESKTOP-UVIULNA" failures="1" tests="6" name="Test" time="47.216" errors="0" timestamp="2026-04-23T21:10:13 IST">
  <testcase classname="com.test.Test_ninjatutorial" name="f" time="2.659"/>
  <testcase classname="com.test.Test_ninjatutorial" name="invalidpassword" time="2.787"/>
  <testcase classname="com.test.Test_ninjatutorial" name="invalidsearch" time="0.671">
    <failure type="java.lang.AssertionError" message="expected [There is no product that matches the search criteria.] but found [[[ChromeDriver: chrome on windows (f4f5a10fe1d40625fc41258aa0b999c4)] -&amp;gt; xpath: //input[@id=&amp;apos;button-search&amp;apos;]/following-sibling::p]]">
      <![CDATA[java.lang.AssertionError: expected [There is no product that matches the search criteria.] but found [[[ChromeDriver: chrome on windows (f4f5a10fe1d40625fc41258aa0b999c4)] -> xpath: //input[@id='button-search']/following-sibling::p]]
at com.test.Test_ninjatutorial.invalidsearch(Test_ninjatutorial.java:102)
at java.base/java.util.ArrayList.forEach(ArrayList.java:1596)
... Removed 30 stack frames]]>
    </failure>
  </testcase> <!-- invalidsearch -->
  <testcase classname="com.test.Test_ninjatutorial" name="invalidusername" time="6.514"/>
  <testcase classname="com.test.Test_ninjatutorial" name="search" time="1.28"/>
  <testcase classname="com.util.DP_Excel" name="f" time="0.002"/>
</testsuite> <!-- Test -->
