<?xml version="1.0" encoding="UTF-8"?>
<!-- Generated by org.testng.reporters.JUnitXMLReporter -->
<testsuite ignored="0" hostname="DESKTOP-UVIULNA" failures="0" tests="6" name="Test" time="38.695" errors="0" timestamp="2026-04-25T21:23:22 IST">
  <testcase classname="com.test.Test_ninjatutorial" name="f" time="2.896"/>
  <testcase classname="com.test.Test_ninjatutorial" name="invalidpassword" time="1.88"/>
  <testcase classname="com.test.Test_ninjatutorial" name="invalidsearch" time="0.662"/>
  <testcase classname="com.test.Test_ninjatutorial" name="invalidusername" time="2.264"/>
  <testcase classname="com.test.Test_ninjatutorial" name="search" time="0.651"/>
  <testcase classname="com.util.DP_Excel" name="f" time="0.002"/>
</testsuite> <!-- Test -->
