<?xml version="1.0" encoding="UTF-8"?>
<testng-results ignored="0" total="1" passed="1" failed="0" skipped="0">
  <reporter-output>
  </reporter-output>
  <suite started-at="2026-04-29T09:15:24 IST" name="Default suite" finished-at="2026-04-29T09:15:29 IST" duration-ms="5463">
    <groups>
    </groups>
    <test started-at="2026-04-29T09:15:24 IST" name="Default test" finished-at="2026-04-29T09:15:29 IST" duration-ms="5463">
      <class name="Listeners_demo.Testlisteners">
        <test-method is-config="true" signature="beforeTest()[pri:0, instance:Listeners_demo.Testlisteners@e383572]" started-at="2026-04-29T09:15:24 IST" name="beforeTest" finished-at="2026-04-29T09:15:27 IST" duration-ms="3286" status="PASS">
          <reporter-output>
          </reporter-output>
        </test-method> <!-- beforeTest -->
        <test-method signature="loginTest()[pri:0, instance:Listeners_demo.Testlisteners@e383572]" started-at="2026-04-29T09:15:27 IST" name="loginTest" finished-at="2026-04-29T09:15:29 IST" duration-ms="1850" status="PASS">
          <reporter-output>
          </reporter-output>
        </test-method> <!-- loginTest -->
        <test-method is-config="true" signature="afterTest()[pri:0, instance:Listeners_demo.Testlisteners@e383572]" started-at="2026-04-29T09:15:29 IST" name="afterTest" finished-at="2026-04-29T09:15:29 IST" duration-ms="270" status="PASS">
          <reporter-output>
          </reporter-output>
        </test-method> <!-- afterTest -->
      </class> <!-- Listeners_demo.Testlisteners -->
    </test> <!-- Default test -->
  </suite> <!-- Default suite -->
</testng-results>
