<?xml version="1.0" encoding="UTF-8"?>
<testng-results ignored="0" total="6" passed="6" failed="0" skipped="0">
  <reporter-output>
  </reporter-output>
  <suite started-at="2026-04-25T21:22:44 IST" name="Suite" finished-at="2026-04-25T21:23:22 IST" duration-ms="38695">
    <groups>
    </groups>
    <test started-at="2026-04-25T21:22:44 IST" name="Test" finished-at="2026-04-25T21:23:22 IST" duration-ms="38695">
      <class name="com.test.Test_ninjatutorial">
        <test-method is-config="true" signature="beforeMethod()[pri:0, instance:com.test.Test_ninjatutorial@22ff4249]" started-at="2026-04-25T21:22:45 IST" name="beforeMethod" finished-at="2026-04-25T21:22:50 IST" duration-ms="4672" status="PASS">
          <reporter-output>
          </reporter-output>
        </test-method> <!-- beforeMethod -->
        <test-method signature="f(java.lang.String,java.lang.String)[pri:0, instance:com.test.Test_ninjatutorial@22ff4249]" started-at="2026-04-25T21:22:50 IST" name="f" data-provider="ValidexcelData" finished-at="2026-04-25T21:22:53 IST" duration-ms="2896" status="PASS">
          <params>
            <param index="0">
              <value>
                <![CDATA[joshitha@gmail.com]]>
              </value>
            </param>
            <param index="1">
              <value>
                <![CDATA[12345]]>
              </value>
            </param>
          </params>
          <reporter-output>
          </reporter-output>
        </test-method> <!-- f -->
        <test-method is-config="true" signature="afterMethod()[pri:0, instance:com.test.Test_ninjatutorial@22ff4249]" started-at="2026-04-25T21:22:53 IST" name="afterMethod" finished-at="2026-04-25T21:22:53 IST" duration-ms="377" status="PASS">
          <reporter-output>
          </reporter-output>
        </test-method> <!-- afterMethod -->
        <test-method is-config="true" signature="beforeMethod()[pri:0, instance:com.test.Test_ninjatutorial@22ff4249]" started-at="2026-04-25T21:22:53 IST" name="beforeMethod" finished-at="2026-04-25T21:22:59 IST" duration-ms="5940" status="PASS">
          <reporter-output>
          </reporter-output>
        </test-method> <!-- beforeMethod -->
        <test-method signature="invalidpassword(java.lang.String,java.lang.String)[pri:0, instance:com.test.Test_ninjatutorial@22ff4249]" started-at="2026-04-25T21:22:59 IST" name="invalidpassword" data-provider="InValidexcelData1" finished-at="2026-04-25T21:23:01 IST" duration-ms="1880" status="PASS">
          <params>
            <param index="0">
              <value>
                <![CDATA[joshitha@gmail.com]]>
              </value>
            </param>
            <param index="1">
              <value>
                <![CDATA[123456]]>
              </value>
            </param>
          </params>
          <reporter-output>
          </reporter-output>
        </test-method> <!-- invalidpassword -->
        <test-method is-config="true" signature="afterMethod()[pri:0, instance:com.test.Test_ninjatutorial@22ff4249]" started-at="2026-04-25T21:23:01 IST" name="afterMethod" finished-at="2026-04-25T21:23:01 IST" duration-ms="338" status="PASS">
          <reporter-output>
          </reporter-output>
        </test-method> <!-- afterMethod -->
        <test-method is-config="true" signature="beforeMethod()[pri:0, instance:com.test.Test_ninjatutorial@22ff4249]" started-at="2026-04-25T21:23:01 IST" name="beforeMethod" finished-at="2026-04-25T21:23:09 IST" duration-ms="7465" status="PASS">
          <reporter-output>
          </reporter-output>
        </test-method> <!-- beforeMethod -->
        <test-method signature="invalidsearch(java.lang.String)[pri:0, instance:com.test.Test_ninjatutorial@22ff4249]" started-at="2026-04-25T21:23:09 IST" name="invalidsearch" finished-at="2026-04-25T21:23:09 IST" duration-ms="662" status="PASS">
          <params>
            <param index="0">
              <value>
                <![CDATA[note]]>
              </value>
            </param>
          </params>
          <reporter-output>
          </reporter-output>
        </test-method> <!-- invalidsearch -->
        <test-method is-config="true" signature="afterMethod()[pri:0, instance:com.test.Test_ninjatutorial@22ff4249]" started-at="2026-04-25T21:23:09 IST" name="afterMethod" finished-at="2026-04-25T21:23:10 IST" duration-ms="336" status="PASS">
          <reporter-output>
          </reporter-output>
        </test-method> <!-- afterMethod -->
        <test-method is-config="true" signature="beforeMethod()[pri:0, instance:com.test.Test_ninjatutorial@22ff4249]" started-at="2026-04-25T21:23:10 IST" name="beforeMethod" finished-at="2026-04-25T21:23:16 IST" duration-ms="5980" status="PASS">
          <reporter-output>
          </reporter-output>
        </test-method> <!-- beforeMethod -->
        <test-method signature="invalidusername(java.lang.String,java.lang.String)[pri:0, instance:com.test.Test_ninjatutorial@22ff4249]" started-at="2026-04-25T21:23:16 IST" name="invalidusername" data-provider="InValidexcelData" finished-at="2026-04-25T21:23:18 IST" duration-ms="2264" status="PASS">
          <params>
            <param index="0">
              <value>
                <![CDATA[josh@gmail.com]]>
              </value>
            </param>
            <param index="1">
              <value>
                <![CDATA[12345]]>
              </value>
            </param>
          </params>
          <reporter-output>
          </reporter-output>
        </test-method> <!-- invalidusername -->
        <test-method is-config="true" signature="afterMethod()[pri:0, instance:com.test.Test_ninjatutorial@22ff4249]" started-at="2026-04-25T21:23:18 IST" name="afterMethod" finished-at="2026-04-25T21:23:18 IST" duration-ms="346" status="PASS">
          <reporter-output>
          </reporter-output>
        </test-method> <!-- afterMethod -->
        <test-method is-config="true" signature="beforeMethod()[pri:0, instance:com.test.Test_ninjatutorial@22ff4249]" started-at="2026-04-25T21:23:18 IST" name="beforeMethod" finished-at="2026-04-25T21:23:21 IST" duration-ms="3089" status="PASS">
          <reporter-output>
          </reporter-output>
        </test-method> <!-- beforeMethod -->
        <test-method signature="search(java.lang.String)[pri:0, instance:com.test.Test_ninjatutorial@22ff4249]" started-at="2026-04-25T21:23:21 IST" name="search" finished-at="2026-04-25T21:23:22 IST" duration-ms="651" status="PASS">
          <params>
            <param index="0">
              <value>
                <![CDATA[Mac]]>
              </value>
            </param>
          </params>
          <reporter-output>
          </reporter-output>
        </test-method> <!-- search -->
        <test-method is-config="true" signature="afterMethod()[pri:0, instance:com.test.Test_ninjatutorial@22ff4249]" started-at="2026-04-25T21:23:22 IST" name="afterMethod" finished-at="2026-04-25T21:23:22 IST" duration-ms="301" status="PASS">
          <reporter-output>
          </reporter-output>
        </test-method> <!-- afterMethod -->
      </class> <!-- com.test.Test_ninjatutorial -->
      <class name="com.util.DP_Excel">
        <test-method signature="f()[pri:0, instance:com.util.DP_Excel@fbd1f6]" started-at="2026-04-25T21:23:22 IST" name="f" finished-at="2026-04-25T21:23:22 IST" duration-ms="2" status="PASS">
          <reporter-output>
          </reporter-output>
        </test-method> <!-- f -->
      </class> <!-- com.util.DP_Excel -->
    </test> <!-- Test -->
  </suite> <!-- Suite -->
</testng-results>
