<?xml version="1.0" encoding="UTF-8"?>
<!-- Generated by org.testng.reporters.JUnitXMLReporter -->
<testsuite ignored="0" hostname="DESKTOP-UVIULNA" failures="1" tests="1" name="Test" time="9.591" errors="0" timestamp="2026-04-29T20:39:45 IST">
  <testcase classname="com.test.LoginTest" name="login" time="0.118">
    <failure type="java.lang.AssertionError" message="expected [true] but found [false]">
      <![CDATA[java.lang.AssertionError: expected [true] but found [false]
at com.test.LoginTest.login(LoginTest.java:18)
at java.base/java.util.ArrayList.forEach(ArrayList.java:1596)
... Removed 29 stack frames]]>
    </failure>
  </testcase> <!-- login -->
</testsuite> <!-- Test -->
